[0.073s] DEBUG:colcon:Command line arguments: ['/usr/bin/colcon', 'build']
[0.073s] DEBUG:colcon:Parsed command line arguments: Namespace(log_base=None, log_level=None, verb_name='build', build_base='build', install_base='install', merge_install=False, symlink_install=False, test_result_base=None, continue_on_error=False, executor='parallel', parallel_workers=6, event_handlers=None, ignore_user_meta=False, metas=['./colcon.meta'], base_paths=['.'], packages_ignore=None, packages_ignore_regex=None, paths=None, packages_up_to=None, packages_up_to_regex=None, packages_above=None, packages_above_and_dependencies=None, packages_above_depth=None, packages_select_by_dep=None, packages_skip_by_dep=None, packages_skip_up_to=None, packages_select_build_failed=False, packages_skip_build_finished=False, packages_select_test_failures=False, packages_skip_test_passed=False, packages_select=None, packages_skip=None, packages_select_regex=None, packages_skip_regex=None, packages_start=None, packages_end=None, cmake_args=None, cmake_target=None, cmake_target_skip_unavailable=False, cmake_clean_cache=False, cmake_clean_first=False, cmake_force_configure=False, ament_cmake_args=None, catkin_cmake_args=None, catkin_skip_building_tests=False, mixin_files=None, mixin=None, verb_parser=<colcon_mixin.mixin.mixin_argument.MixinArgumentDecorator object at 0xffffba7f0170>, verb_extension=<colcon_core.verb.build.BuildVerb object at 0xffffba9fbad0>, main=<bound method BuildVerb.main of <colcon_core.verb.build.BuildVerb object at 0xffffba9fbad0>>, mixin_verb=('build',))
[0.101s] Level 1:colcon.colcon_core.package_discovery:discover_packages(colcon_meta) check parameters
[0.102s] INFO:colcon.colcon_metadata.package_discovery.colcon_meta:Using configuration from '/root/.colcon/metadata/default/Gazebo.meta'
[0.102s] INFO:colcon.colcon_metadata.package_discovery.colcon_meta:Using configuration from '/root/.colcon/metadata/default/fastrtps.meta'
[0.102s] Level 1:colcon.colcon_core.package_discovery:discover_packages(recursive) check parameters
[0.103s] Level 1:colcon.colcon_core.package_discovery:discover_packages(ignore) check parameters
[0.103s] Level 1:colcon.colcon_core.package_discovery:discover_packages(path) check parameters
[0.103s] Level 1:colcon.colcon_core.package_discovery:discover_packages(colcon_meta) discover
[0.103s] Level 1:colcon.colcon_core.package_discovery:discover_packages(recursive) discover
[0.103s] INFO:colcon.colcon_core.package_discovery:Crawling recursively for packages in '/workspace/Raspberry-Pi-5'
[0.104s] Level 1:colcon.colcon_core.package_identification:_identify(.) by extensions ['ignore', 'ignore_ament_install']
[0.104s] Level 1:colcon.colcon_core.package_identification:_identify(.) by extension 'ignore'
[0.104s] Level 1:colcon.colcon_core.package_identification:_identify(.) by extension 'ignore_ament_install'
[0.104s] Level 1:colcon.colcon_core.package_identification:_identify(.) by extensions ['colcon_pkg']
[0.104s] Level 1:colcon.colcon_core.package_identification:_identify(.) by extension 'colcon_pkg'
[0.104s] Level 1:colcon.colcon_core.package_identification:_identify(.) by extensions ['colcon_meta']
[0.105s] Level 1:colcon.colcon_core.package_identification:_identify(.) by extension 'colcon_meta'
[0.105s] Level 1:colcon.colcon_core.package_identification:_identify(.) by extensions ['ros']
[0.105s] Level 1:colcon.colcon_core.package_identification:_identify(.) by extension 'ros'
[0.121s] Level 1:colcon.colcon_core.package_identification:_identify(.) by extensions ['cmake', 'python']
[0.122s] Level 1:colcon.colcon_core.package_identification:_identify(.) by extension 'cmake'
[0.122s] Level 1:colcon.colcon_core.package_identification:_identify(.) by extension 'python'
[0.122s] Level 1:colcon.colcon_core.package_identification:_identify(.) by extensions ['python_setup_py']
[0.122s] Level 1:colcon.colcon_core.package_identification:_identify(.) by extension 'python_setup_py'
[0.122s] Level 1:colcon.colcon_core.package_identification:_identify(build) by extensions ['ignore', 'ignore_ament_install']
[0.123s] Level 1:colcon.colcon_core.package_identification:_identify(build) by extension 'ignore'
[0.123s] Level 1:colcon.colcon_core.package_identification:_identify(build) ignored
[0.123s] Level 1:colcon.colcon_core.package_identification:_identify(install) by extensions ['ignore', 'ignore_ament_install']
[0.123s] Level 1:colcon.colcon_core.package_identification:_identify(install) by extension 'ignore'
[0.123s] Level 1:colcon.colcon_core.package_identification:_identify(install) ignored
[0.124s] Level 1:colcon.colcon_core.package_identification:_identify(log) by extensions ['ignore', 'ignore_ament_install']
[0.124s] Level 1:colcon.colcon_core.package_identification:_identify(log) by extension 'ignore'
[0.124s] Level 1:colcon.colcon_core.package_identification:_identify(log) ignored
[0.125s] Level 1:colcon.colcon_core.package_identification:_identify(src) by extensions ['ignore', 'ignore_ament_install']
[0.125s] Level 1:colcon.colcon_core.package_identification:_identify(src) by extension 'ignore'
[0.126s] Level 1:colcon.colcon_core.package_identification:_identify(src) by extension 'ignore_ament_install'
[0.126s] Level 1:colcon.colcon_core.package_identification:_identify(src) by extensions ['colcon_pkg']
[0.126s] Level 1:colcon.colcon_core.package_identification:_identify(src) by extension 'colcon_pkg'
[0.126s] Level 1:colcon.colcon_core.package_identification:_identify(src) by extensions ['colcon_meta']
[0.126s] Level 1:colcon.colcon_core.package_identification:_identify(src) by extension 'colcon_meta'
[0.126s] Level 1:colcon.colcon_core.package_identification:_identify(src) by extensions ['ros']
[0.126s] Level 1:colcon.colcon_core.package_identification:_identify(src) by extension 'ros'
[0.127s] Level 1:colcon.colcon_core.package_identification:_identify(src) by extensions ['cmake', 'python']
[0.127s] Level 1:colcon.colcon_core.package_identification:_identify(src) by extension 'cmake'
[0.127s] Level 1:colcon.colcon_core.package_identification:_identify(src) by extension 'python'
[0.127s] Level 1:colcon.colcon_core.package_identification:_identify(src) by extensions ['python_setup_py']
[0.127s] Level 1:colcon.colcon_core.package_identification:_identify(src) by extension 'python_setup_py'
[0.128s] Level 1:colcon.colcon_core.package_identification:_identify(src/publisher) by extensions ['ignore', 'ignore_ament_install']
[0.128s] Level 1:colcon.colcon_core.package_identification:_identify(src/publisher) by extension 'ignore'
[0.128s] Level 1:colcon.colcon_core.package_identification:_identify(src/publisher) by extension 'ignore_ament_install'
[0.128s] Level 1:colcon.colcon_core.package_identification:_identify(src/publisher) by extensions ['colcon_pkg']
[0.128s] Level 1:colcon.colcon_core.package_identification:_identify(src/publisher) by extension 'colcon_pkg'
[0.128s] Level 1:colcon.colcon_core.package_identification:_identify(src/publisher) by extensions ['colcon_meta']
[0.128s] Level 1:colcon.colcon_core.package_identification:_identify(src/publisher) by extension 'colcon_meta'
[0.128s] Level 1:colcon.colcon_core.package_identification:_identify(src/publisher) by extensions ['ros']
[0.129s] Level 1:colcon.colcon_core.package_identification:_identify(src/publisher) by extension 'ros'
[0.130s] DEBUG:colcon.colcon_core.package_identification:Package 'src/publisher' with type 'ros.ament_python' and name 'publisher'
[0.131s] Level 1:colcon.colcon_core.package_identification:_identify(src/subscriber) by extensions ['ignore', 'ignore_ament_install']
[0.131s] Level 1:colcon.colcon_core.package_identification:_identify(src/subscriber) by extension 'ignore'
[0.131s] Level 1:colcon.colcon_core.package_identification:_identify(src/subscriber) by extension 'ignore_ament_install'
[0.131s] Level 1:colcon.colcon_core.package_identification:_identify(src/subscriber) by extensions ['colcon_pkg']
[0.131s] Level 1:colcon.colcon_core.package_identification:_identify(src/subscriber) by extension 'colcon_pkg'
[0.131s] Level 1:colcon.colcon_core.package_identification:_identify(src/subscriber) by extensions ['colcon_meta']
[0.131s] Level 1:colcon.colcon_core.package_identification:_identify(src/subscriber) by extension 'colcon_meta'
[0.132s] Level 1:colcon.colcon_core.package_identification:_identify(src/subscriber) by extensions ['ros']
[0.132s] Level 1:colcon.colcon_core.package_identification:_identify(src/subscriber) by extension 'ros'
[0.132s] DEBUG:colcon.colcon_core.package_identification:Package 'src/subscriber' with type 'ros.ament_python' and name 'subscriber'
[0.132s] Level 1:colcon.colcon_core.package_discovery:discover_packages(recursive) using defaults
[0.133s] Level 1:colcon.colcon_core.package_discovery:discover_packages(ignore) discover
[0.133s] Level 1:colcon.colcon_core.package_discovery:discover_packages(ignore) using defaults
[0.133s] Level 1:colcon.colcon_core.package_discovery:discover_packages(path) discover
[0.133s] Level 1:colcon.colcon_core.package_discovery:discover_packages(path) using defaults
[0.145s] Level 5:colcon.colcon_core.verb:set package 'publisher' build argument 'cmake_args' from command line to 'None'
[0.145s] Level 5:colcon.colcon_core.verb:set package 'publisher' build argument 'cmake_target' from command line to 'None'
[0.146s] Level 5:colcon.colcon_core.verb:set package 'publisher' build argument 'cmake_target_skip_unavailable' from command line to 'False'
[0.146s] Level 5:colcon.colcon_core.verb:set package 'publisher' build argument 'cmake_clean_cache' from command line to 'False'
[0.146s] Level 5:colcon.colcon_core.verb:set package 'publisher' build argument 'cmake_clean_first' from command line to 'False'
[0.146s] Level 5:colcon.colcon_core.verb:set package 'publisher' build argument 'cmake_force_configure' from command line to 'False'
[0.146s] Level 5:colcon.colcon_core.verb:set package 'publisher' build argument 'ament_cmake_args' from command line to 'None'
[0.146s] Level 5:colcon.colcon_core.verb:set package 'publisher' build argument 'catkin_cmake_args' from command line to 'None'
[0.146s] Level 5:colcon.colcon_core.verb:set package 'publisher' build argument 'catkin_skip_building_tests' from command line to 'False'
[0.146s] DEBUG:colcon.colcon_core.verb:Building package 'publisher' with the following arguments: {'ament_cmake_args': None, 'build_base': '/workspace/Raspberry-Pi-5/build/publisher', 'catkin_cmake_args': None, 'catkin_skip_building_tests': False, 'cmake_args': None, 'cmake_clean_cache': False, 'cmake_clean_first': False, 'cmake_force_configure': False, 'cmake_target': None, 'cmake_target_skip_unavailable': False, 'install_base': '/workspace/Raspberry-Pi-5/install/publisher', 'merge_install': False, 'path': '/workspace/Raspberry-Pi-5/src/publisher', 'symlink_install': False, 'test_result_base': None}
[0.146s] Level 5:colcon.colcon_core.verb:set package 'subscriber' build argument 'cmake_args' from command line to 'None'
[0.146s] Level 5:colcon.colcon_core.verb:set package 'subscriber' build argument 'cmake_target' from command line to 'None'
[0.146s] Level 5:colcon.colcon_core.verb:set package 'subscriber' build argument 'cmake_target_skip_unavailable' from command line to 'False'
[0.146s] Level 5:colcon.colcon_core.verb:set package 'subscriber' build argument 'cmake_clean_cache' from command line to 'False'
[0.147s] Level 5:colcon.colcon_core.verb:set package 'subscriber' build argument 'cmake_clean_first' from command line to 'False'
[0.147s] Level 5:colcon.colcon_core.verb:set package 'subscriber' build argument 'cmake_force_configure' from command line to 'False'
[0.147s] Level 5:colcon.colcon_core.verb:set package 'subscriber' build argument 'ament_cmake_args' from command line to 'None'
[0.147s] Level 5:colcon.colcon_core.verb:set package 'subscriber' build argument 'catkin_cmake_args' from command line to 'None'
[0.147s] Level 5:colcon.colcon_core.verb:set package 'subscriber' build argument 'catkin_skip_building_tests' from command line to 'False'
[0.147s] DEBUG:colcon.colcon_core.verb:Building package 'subscriber' with the following arguments: {'ament_cmake_args': None, 'build_base': '/workspace/Raspberry-Pi-5/build/subscriber', 'catkin_cmake_args': None, 'catkin_skip_building_tests': False, 'cmake_args': None, 'cmake_clean_cache': False, 'cmake_clean_first': False, 'cmake_force_configure': False, 'cmake_target': None, 'cmake_target_skip_unavailable': False, 'install_base': '/workspace/Raspberry-Pi-5/install/subscriber', 'merge_install': False, 'path': '/workspace/Raspberry-Pi-5/src/subscriber', 'symlink_install': False, 'test_result_base': None}
[0.147s] INFO:colcon.colcon_core.executor:Executing jobs using 'parallel' executor
[0.148s] DEBUG:colcon.colcon_parallel_executor.executor.parallel:run_until_complete
[0.148s] INFO:colcon.colcon_ros.task.ament_python.build:Building ROS package in '/workspace/Raspberry-Pi-5/src/publisher' with build type 'ament_python'
[0.148s] Level 1:colcon.colcon_core.shell:create_environment_hook('publisher', 'ament_prefix_path')
[0.150s] INFO:colcon.colcon_core.plugin_system:Skipping extension 'colcon_core.shell.bat': Not used on non-Windows systems
[0.150s] INFO:colcon.colcon_core.shell:Creating environment hook '/workspace/Raspberry-Pi-5/install/publisher/share/publisher/hook/ament_prefix_path.ps1'
[0.152s] INFO:colcon.colcon_core.shell:Creating environment descriptor '/workspace/Raspberry-Pi-5/install/publisher/share/publisher/hook/ament_prefix_path.dsv'
[0.152s] INFO:colcon.colcon_core.shell:Creating environment hook '/workspace/Raspberry-Pi-5/install/publisher/share/publisher/hook/ament_prefix_path.sh'
[0.153s] INFO:colcon.colcon_core.shell:Skip shell extension 'powershell' for command environment: Not usable outside of PowerShell
[0.154s] DEBUG:colcon.colcon_core.shell:Skip shell extension 'dsv' for command environment
[0.155s] INFO:colcon.colcon_ros.task.ament_python.build:Building ROS package in '/workspace/Raspberry-Pi-5/src/subscriber' with build type 'ament_python'
[0.156s] Level 1:colcon.colcon_core.shell:create_environment_hook('subscriber', 'ament_prefix_path')
[0.156s] INFO:colcon.colcon_core.shell:Creating environment hook '/workspace/Raspberry-Pi-5/install/subscriber/share/subscriber/hook/ament_prefix_path.ps1'
[0.158s] INFO:colcon.colcon_core.shell:Creating environment descriptor '/workspace/Raspberry-Pi-5/install/subscriber/share/subscriber/hook/ament_prefix_path.dsv'
[0.159s] INFO:colcon.colcon_core.shell:Creating environment hook '/workspace/Raspberry-Pi-5/install/subscriber/share/subscriber/hook/ament_prefix_path.sh'
[0.160s] INFO:colcon.colcon_core.shell:Skip shell extension 'powershell' for command environment: Not usable outside of PowerShell
[0.160s] DEBUG:colcon.colcon_core.shell:Skip shell extension 'dsv' for command environment
[0.258s] INFO:colcon.colcon_core.task.python.build:Building Python package in '/workspace/Raspberry-Pi-5/src/publisher'
[0.258s] INFO:colcon.colcon_core.shell:Skip shell extension 'powershell' for command environment: Not usable outside of PowerShell
[0.258s] DEBUG:colcon.colcon_core.shell:Skip shell extension 'dsv' for command environment
[0.345s] INFO:colcon.colcon_core.task.python.build:Building Python package in '/workspace/Raspberry-Pi-5/src/subscriber'
[0.346s] INFO:colcon.colcon_core.shell:Skip shell extension 'powershell' for command environment: Not usable outside of PowerShell
[0.346s] DEBUG:colcon.colcon_core.shell:Skip shell extension 'dsv' for command environment
[0.533s] DEBUG:colcon.colcon_core.event_handler.log_command:Invoking command in '/workspace/Raspberry-Pi-5/src/publisher': PYTHONPATH=/workspace/Raspberry-Pi-5/build/publisher/prefix_override:/usr/lib/python3/dist-packages/colcon_core/task/python/colcon_distutils_commands:/workspace/Raspberry-Pi-5/install/publisher/lib/python3.12/site-packages: /usr/bin/python3 -W ignore:setup.py install is deprecated -W ignore:easy_install command is deprecated setup.py egg_info --egg-base ../../build/publisher build --build-base /workspace/Raspberry-Pi-5/build/publisher/build install --record /workspace/Raspberry-Pi-5/build/publisher/install.log --single-version-externally-managed install_data
[0.536s] DEBUG:colcon.colcon_core.event_handler.log_command:Invoking command in '/workspace/Raspberry-Pi-5/src/subscriber': PYTHONPATH=/workspace/Raspberry-Pi-5/build/subscriber/prefix_override:/usr/lib/python3/dist-packages/colcon_core/task/python/colcon_distutils_commands:/workspace/Raspberry-Pi-5/install/subscriber/lib/python3.12/site-packages: /usr/bin/python3 -W ignore:setup.py install is deprecated -W ignore:easy_install command is deprecated setup.py egg_info --egg-base ../../build/subscriber build --build-base /workspace/Raspberry-Pi-5/build/subscriber/build install --record /workspace/Raspberry-Pi-5/build/subscriber/install.log --single-version-externally-managed install_data
[0.711s] DEBUG:colcon.colcon_core.event_handler.log_command:Invoked command in '/workspace/Raspberry-Pi-5/src/subscriber' returned '0': PYTHONPATH=/workspace/Raspberry-Pi-5/build/subscriber/prefix_override:/usr/lib/python3/dist-packages/colcon_core/task/python/colcon_distutils_commands:/workspace/Raspberry-Pi-5/install/subscriber/lib/python3.12/site-packages: /usr/bin/python3 -W ignore:setup.py install is deprecated -W ignore:easy_install command is deprecated setup.py egg_info --egg-base ../../build/subscriber build --build-base /workspace/Raspberry-Pi-5/build/subscriber/build install --record /workspace/Raspberry-Pi-5/build/subscriber/install.log --single-version-externally-managed install_data
[0.713s] Level 1:colcon.colcon_core.environment:checking '/workspace/Raspberry-Pi-5/install/subscriber' for CMake module files
[0.714s] Level 1:colcon.colcon_core.environment:checking '/workspace/Raspberry-Pi-5/install/subscriber' for CMake config files
[0.717s] Level 1:colcon.colcon_core.environment:checking '/workspace/Raspberry-Pi-5/install/subscriber/lib'
[0.717s] Level 1:colcon.colcon_core.environment:checking '/workspace/Raspberry-Pi-5/install/subscriber/bin'
[0.718s] Level 1:colcon.colcon_core.environment:checking '/workspace/Raspberry-Pi-5/install/subscriber/lib/pkgconfig/subscriber.pc'
[0.718s] Level 1:colcon.colcon_core.environment:checking '/workspace/Raspberry-Pi-5/install/subscriber/lib/python3.12/site-packages'
[0.718s] Level 1:colcon.colcon_core.shell:create_environment_hook('subscriber', 'pythonpath')
[0.718s] INFO:colcon.colcon_core.shell:Creating environment hook '/workspace/Raspberry-Pi-5/install/subscriber/share/subscriber/hook/pythonpath.ps1'
[0.719s] INFO:colcon.colcon_core.shell:Creating environment descriptor '/workspace/Raspberry-Pi-5/install/subscriber/share/subscriber/hook/pythonpath.dsv'
[0.720s] INFO:colcon.colcon_core.shell:Creating environment hook '/workspace/Raspberry-Pi-5/install/subscriber/share/subscriber/hook/pythonpath.sh'
[0.721s] Level 1:colcon.colcon_core.environment:checking '/workspace/Raspberry-Pi-5/install/subscriber/bin'
[0.721s] Level 1:colcon.colcon_core.environment:create_environment_scripts_only(subscriber)
[0.721s] INFO:colcon.colcon_core.shell:Creating package script '/workspace/Raspberry-Pi-5/install/subscriber/share/subscriber/package.ps1'
[0.722s] INFO:colcon.colcon_core.shell:Creating package descriptor '/workspace/Raspberry-Pi-5/install/subscriber/share/subscriber/package.dsv'
[0.723s] INFO:colcon.colcon_core.shell:Creating package script '/workspace/Raspberry-Pi-5/install/subscriber/share/subscriber/package.sh'
[0.723s] INFO:colcon.colcon_core.shell:Creating package script '/workspace/Raspberry-Pi-5/install/subscriber/share/subscriber/package.bash'
[0.724s] INFO:colcon.colcon_core.shell:Creating package script '/workspace/Raspberry-Pi-5/install/subscriber/share/subscriber/package.zsh'
[0.725s] Level 1:colcon.colcon_core.environment:create_file_with_runtime_dependencies(/workspace/Raspberry-Pi-5/install/subscriber/share/colcon-core/packages/subscriber)
[0.726s] Level 1:colcon.colcon_core.environment:checking '/workspace/Raspberry-Pi-5/install/publisher' for CMake module files
[0.730s] DEBUG:colcon.colcon_core.event_handler.log_command:Invoked command in '/workspace/Raspberry-Pi-5/src/publisher' returned '0': PYTHONPATH=/workspace/Raspberry-Pi-5/build/publisher/prefix_override:/usr/lib/python3/dist-packages/colcon_core/task/python/colcon_distutils_commands:/workspace/Raspberry-Pi-5/install/publisher/lib/python3.12/site-packages: /usr/bin/python3 -W ignore:setup.py install is deprecated -W ignore:easy_install command is deprecated setup.py egg_info --egg-base ../../build/publisher build --build-base /workspace/Raspberry-Pi-5/build/publisher/build install --record /workspace/Raspberry-Pi-5/build/publisher/install.log --single-version-externally-managed install_data
[0.731s] Level 1:colcon.colcon_core.environment:checking '/workspace/Raspberry-Pi-5/install/publisher' for CMake config files
[0.734s] Level 1:colcon.colcon_core.environment:checking '/workspace/Raspberry-Pi-5/install/publisher/lib'
[0.734s] Level 1:colcon.colcon_core.environment:checking '/workspace/Raspberry-Pi-5/install/publisher/bin'
[0.734s] Level 1:colcon.colcon_core.environment:checking '/workspace/Raspberry-Pi-5/install/publisher/lib/pkgconfig/publisher.pc'
[0.734s] Level 1:colcon.colcon_core.environment:checking '/workspace/Raspberry-Pi-5/install/publisher/lib/python3.12/site-packages'
[0.734s] Level 1:colcon.colcon_core.shell:create_environment_hook('publisher', 'pythonpath')
[0.735s] INFO:colcon.colcon_core.shell:Creating environment hook '/workspace/Raspberry-Pi-5/install/publisher/share/publisher/hook/pythonpath.ps1'
[0.735s] INFO:colcon.colcon_core.shell:Creating environment descriptor '/workspace/Raspberry-Pi-5/install/publisher/share/publisher/hook/pythonpath.dsv'
[0.736s] INFO:colcon.colcon_core.shell:Creating environment hook '/workspace/Raspberry-Pi-5/install/publisher/share/publisher/hook/pythonpath.sh'
[0.737s] Level 1:colcon.colcon_core.environment:checking '/workspace/Raspberry-Pi-5/install/publisher/bin'
[0.737s] Level 1:colcon.colcon_core.environment:create_environment_scripts_only(publisher)
[0.737s] INFO:colcon.colcon_core.shell:Creating package script '/workspace/Raspberry-Pi-5/install/publisher/share/publisher/package.ps1'
[0.738s] INFO:colcon.colcon_core.shell:Creating package descriptor '/workspace/Raspberry-Pi-5/install/publisher/share/publisher/package.dsv'
[0.739s] INFO:colcon.colcon_core.shell:Creating package script '/workspace/Raspberry-Pi-5/install/publisher/share/publisher/package.sh'
[0.739s] INFO:colcon.colcon_core.shell:Creating package script '/workspace/Raspberry-Pi-5/install/publisher/share/publisher/package.bash'
[0.740s] INFO:colcon.colcon_core.shell:Creating package script '/workspace/Raspberry-Pi-5/install/publisher/share/publisher/package.zsh'
[0.740s] Level 1:colcon.colcon_core.environment:create_file_with_runtime_dependencies(/workspace/Raspberry-Pi-5/install/publisher/share/colcon-core/packages/publisher)
[0.741s] DEBUG:colcon.colcon_parallel_executor.executor.parallel:closing loop
[0.741s] DEBUG:colcon.colcon_parallel_executor.executor.parallel:loop closed
[0.742s] DEBUG:colcon.colcon_parallel_executor.executor.parallel:run_until_complete finished with '0'
[0.742s] DEBUG:colcon.colcon_core.event_reactor:joining thread
[0.747s] INFO:colcon.colcon_core.plugin_system:Skipping extension 'colcon_notification.desktop_notification.notify_send': Could not find 'notify-send'
[0.747s] INFO:colcon.colcon_core.plugin_system:Skipping extension 'colcon_notification.desktop_notification.terminal_notifier': Not used on non-Darwin systems
[0.747s] INFO:colcon.colcon_core.plugin_system:Skipping extension 'colcon_notification.desktop_notification.win32': Not used on non-Windows systems
[0.747s] INFO:colcon.colcon_notification.desktop_notification:Sending desktop notification using 'notify2'
[0.747s] DEBUG:colcon.colcon_notification.desktop_notification.notify2:Failed to initialize notify2: org.freedesktop.DBus.Error.NotSupported: Unable to autolaunch a dbus-daemon without a $DISPLAY for X11
[0.747s] DEBUG:colcon.colcon_core.event_reactor:joined thread
[0.747s] INFO:colcon.colcon_core.shell:Creating prefix script '/workspace/Raspberry-Pi-5/install/local_setup.ps1'
[0.749s] INFO:colcon.colcon_core.shell:Creating prefix util module '/workspace/Raspberry-Pi-5/install/_local_setup_util_ps1.py'
[0.751s] INFO:colcon.colcon_core.shell:Creating prefix chain script '/workspace/Raspberry-Pi-5/install/setup.ps1'
[0.752s] INFO:colcon.colcon_core.shell:Creating prefix script '/workspace/Raspberry-Pi-5/install/local_setup.sh'
[0.753s] INFO:colcon.colcon_core.shell:Creating prefix util module '/workspace/Raspberry-Pi-5/install/_local_setup_util_sh.py'
[0.754s] INFO:colcon.colcon_core.shell:Creating prefix chain script '/workspace/Raspberry-Pi-5/install/setup.sh'
[0.755s] INFO:colcon.colcon_core.shell:Creating prefix script '/workspace/Raspberry-Pi-5/install/local_setup.bash'
[0.756s] INFO:colcon.colcon_core.shell:Creating prefix chain script '/workspace/Raspberry-Pi-5/install/setup.bash'
[0.757s] INFO:colcon.colcon_core.shell:Creating prefix script '/workspace/Raspberry-Pi-5/install/local_setup.zsh'
[0.757s] INFO:colcon.colcon_core.shell:Creating prefix chain script '/workspace/Raspberry-Pi-5/install/setup.zsh'
